<?xml version="1.0" encoding="UTF-8"?>
<!-- Generated by org.testng.reporters.JUnitReportReporter -->
<testsuite hostname="Shubham" failures="0" tests="1" name="com.example.LoginTest" time="14.990" errors="0" timestamp="2024-09-08T23:21:24 IST" skipped="0">
  <testcase classname="com.example.LoginTest" name="testLogin" time="14.990"/>
</testsuite> <!-- com.example.LoginTest -->
